<?xml version="1.0" encoding="UTF-8"?>
<testng-results skipped="0" failed="0" total="3" passed="3">
  <reporter-output>
  </reporter-output>
  <suite name="com.testcases.LoginTest" duration-ms="44" started-at="2016-07-06T04:14:21Z" finished-at="2016-07-06T04:14:21Z">
    <groups>
    </groups>
    <test name="Command line test" duration-ms="44" started-at="2016-07-06T04:14:21Z" finished-at="2016-07-06T04:14:21Z">
      <class name="com.testcases.LoginTest">
        <test-method status="PASS" signature="tc_1()[pri:0, instance:com.testcases.LoginTest@75bd9247]" name="tc_1" duration-ms="16" started-at="2016-07-06T09:44:21Z" finished-at="2016-07-06T09:44:21Z">
          <reporter-output>
          </reporter-output>
        </test-method> <!-- tc_1 -->
        <test-method status="PASS" signature="tc_2()[pri:0, instance:com.testcases.LoginTest@75bd9247]" name="tc_2" duration-ms="1" started-at="2016-07-06T09:44:21Z" finished-at="2016-07-06T09:44:21Z">
          <reporter-output>
          </reporter-output>
        </test-method> <!-- tc_2 -->
        <test-method status="PASS" signature="tc_3()[pri:0, instance:com.testcases.LoginTest@75bd9247]" name="tc_3" duration-ms="1" started-at="2016-07-06T09:44:21Z" finished-at="2016-07-06T09:44:21Z">
          <reporter-output>
          </reporter-output>
        </test-method> <!-- tc_3 -->
      </class> <!-- com.testcases.LoginTest -->
    </test> <!-- Command line test -->
  </suite> <!-- com.testcases.LoginTest -->
</testng-results>
